{"/Users/dexter/Desktop/StudyPal/src/components/Tabs.jsx": {"path":"/Users/dexter/Desktop/StudyPal/src/components/Tabs.jsx","statementMap":{"0":{"start":{"line":9,"column":47},"end":{"line":9,"column":52}},"1":{"start":{"line":11,"column":2},"end":{"line":25,"column":4}},"2":{"start":{"line":28,"column":0},"end":{"line":32,"column":2}},"3":{"start":{"line":35,"column":2},"end":{"line":38,"column":4}},"4":{"start":{"line":41,"column":18},"end":{"line":72,"column":1}},"5":{"start":{"line":42,"column":28},"end":{"line":42,"column":45}},"6":{"start":{"line":44,"column":23},"end":{"line":46,"column":3}},"7":{"start":{"line":45,"column":4},"end":{"line":45,"column":23}},"8":{"start":{"line":48,"column":2},"end":{"line":71,"column":4}}},"fnMap":{"0":{"name":"TabPanel","decl":{"start":{"line":8,"column":9},"end":{"line":8,"column":17}},"loc":{"start":{"line":8,"column":25},"end":{"line":26,"column":1}},"line":8},"1":{"name":"a11yProps","decl":{"start":{"line":34,"column":9},"end":{"line":34,"column":18}},"loc":{"start":{"line":34,"column":26},"end":{"line":39,"column":1}},"line":34},"2":{"name":"(anonymous_2)","decl":{"start":{"line":41,"column":18},"end":{"line":41,"column":19}},"loc":{"start":{"line":41,"column":24},"end":{"line":72,"column":1}},"line":41},"3":{"name":"(anonymous_3)","decl":{"start":{"line":44,"column":23},"end":{"line":44,"column":24}},"loc":{"start":{"line":44,"column":44},"end":{"line":46,"column":3}},"line":44}},"branchMap":{"0":{"loc":{"start":{"line":19,"column":7},"end":{"line":23,"column":7}},"type":"binary-expr","locations":[{"start":{"line":19,"column":7},"end":{"line":19,"column":22}},{"start":{"line":20,"column":8},"end":{"line":22,"column":14}}],"line":19}},"s":{"0":6,"1":6,"2":2,"3":6,"4":2,"5":2,"6":2,"7":0,"8":2},"f":{"0":6,"1":6,"2":2,"3":0},"b":{"0":[6,2]},"_coverageSchema":"1a1c01bbd47fc00a2c39e90264f33305004495a9","hash":"892cf62d99d65eef66a7d1805ce84e775aa45792"}
,"/Users/dexter/Desktop/StudyPal/src/components/ToDo.jsx": {"path":"/Users/dexter/Desktop/StudyPal/src/components/ToDo.jsx","statementMap":{"0":{"start":{"line":9,"column":2},"end":{"line":23,"column":4}},"1":{"start":{"line":15,"column":57},"end":{"line":15,"column":72}},"2":{"start":{"line":18,"column":56},"end":{"line":18,"column":73}},"3":{"start":{"line":27,"column":28},"end":{"line":27,"column":40}},"4":{"start":{"line":28,"column":19},"end":{"line":28,"column":28}},"5":{"start":{"line":30,"column":23},"end":{"line":43,"column":3}},"6":{"start":{"line":31,"column":4},"end":{"line":31,"column":23}},"7":{"start":{"line":32,"column":4},"end":{"line":32,"column":23}},"8":{"start":{"line":32,"column":16},"end":{"line":32,"column":23}},"9":{"start":{"line":33,"column":28},"end":{"line":35,"column":51}},"10":{"start":{"line":37,"column":4},"end":{"line":41,"column":5}},"11":{"start":{"line":38,"column":6},"end":{"line":38,"column":57}},"12":{"start":{"line":40,"column":6},"end":{"line":40,"column":52}},"13":{"start":{"line":42,"column":4},"end":{"line":42,"column":17}},"14":{"start":{"line":45,"column":2},"end":{"line":63,"column":4}},"15":{"start":{"line":55,"column":27},"end":{"line":55,"column":51}},"16":{"start":{"line":67,"column":28},"end":{"line":67,"column":40}},"17":{"start":{"line":68,"column":19},"end":{"line":68,"column":28}},"18":{"start":{"line":70,"column":21},"end":{"line":81,"column":3}},"19":{"start":{"line":71,"column":28},"end":{"line":74,"column":30}},"20":{"start":{"line":76,"column":4},"end":{"line":80,"column":5}},"21":{"start":{"line":77,"column":6},"end":{"line":77,"column":60}},"22":{"start":{"line":79,"column":6},"end":{"line":79,"column":21}},"23":{"start":{"line":83,"column":2},"end":{"line":85,"column":13}},"24":{"start":{"line":84,"column":4},"end":{"line":84,"column":17}},"25":{"start":{"line":87,"column":18},"end":{"line":97,"column":3}},"26":{"start":{"line":88,"column":28},"end":{"line":90,"column":50}},"27":{"start":{"line":92,"column":4},"end":{"line":96,"column":5}},"28":{"start":{"line":93,"column":6},"end":{"line":93,"column":67}},"29":{"start":{"line":95,"column":6},"end":{"line":95,"column":36}},"30":{"start":{"line":99,"column":19},"end":{"line":112,"column":3}},"31":{"start":{"line":100,"column":28},"end":{"line":103,"column":37}},"32":{"start":{"line":105,"column":4},"end":{"line":111,"column":5}},"33":{"start":{"line":106,"column":6},"end":{"line":106,"column":71}},"34":{"start":{"line":108,"column":27},"end":{"line":108,"column":37}},"35":{"start":{"line":109,"column":6},"end":{"line":109,"column":36}},"36":{"start":{"line":110,"column":6},"end":{"line":110,"column":29}},"37":{"start":{"line":114,"column":21},"end":{"line":127,"column":3}},"38":{"start":{"line":115,"column":28},"end":{"line":118,"column":37}},"39":{"start":{"line":120,"column":4},"end":{"line":126,"column":5}},"40":{"start":{"line":121,"column":6},"end":{"line":121,"column":59}},"41":{"start":{"line":123,"column":27},"end":{"line":123,"column":37}},"42":{"start":{"line":124,"column":6},"end":{"line":124,"column":36}},"43":{"start":{"line":125,"column":6},"end":{"line":125,"column":29}},"44":{"start":{"line":129,"column":2},"end":{"line":150,"column":4}},"45":{"start":{"line":136,"column":12},"end":{"line":145,"column":19}}},"fnMap":{"0":{"name":"Todo","decl":{"start":{"line":8,"column":9},"end":{"line":8,"column":13}},"loc":{"start":{"line":8,"column":53},"end":{"line":24,"column":1}},"line":8},"1":{"name":"(anonymous_1)","decl":{"start":{"line":15,"column":51},"end":{"line":15,"column":52}},"loc":{"start":{"line":15,"column":57},"end":{"line":15,"column":72}},"line":15},"2":{"name":"(anonymous_2)","decl":{"start":{"line":18,"column":50},"end":{"line":18,"column":51}},"loc":{"start":{"line":18,"column":56},"end":{"line":18,"column":73}},"line":18},"3":{"name":"FormTodo","decl":{"start":{"line":26,"column":9},"end":{"line":26,"column":17}},"loc":{"start":{"line":26,"column":20},"end":{"line":64,"column":1}},"line":26},"4":{"name":"(anonymous_4)","decl":{"start":{"line":30,"column":23},"end":{"line":30,"column":24}},"loc":{"start":{"line":30,"column":36},"end":{"line":43,"column":3}},"line":30},"5":{"name":"(anonymous_5)","decl":{"start":{"line":55,"column":20},"end":{"line":55,"column":21}},"loc":{"start":{"line":55,"column":27},"end":{"line":55,"column":51}},"line":55},"6":{"name":"TODO","decl":{"start":{"line":66,"column":9},"end":{"line":66,"column":13}},"loc":{"start":{"line":66,"column":16},"end":{"line":151,"column":1}},"line":66},"7":{"name":"(anonymous_7)","decl":{"start":{"line":70,"column":21},"end":{"line":70,"column":22}},"loc":{"start":{"line":70,"column":33},"end":{"line":81,"column":3}},"line":70},"8":{"name":"(anonymous_8)","decl":{"start":{"line":83,"column":12},"end":{"line":83,"column":13}},"loc":{"start":{"line":83,"column":18},"end":{"line":85,"column":3}},"line":83},"9":{"name":"(anonymous_9)","decl":{"start":{"line":87,"column":18},"end":{"line":87,"column":19}},"loc":{"start":{"line":87,"column":34},"end":{"line":97,"column":3}},"line":87},"10":{"name":"(anonymous_10)","decl":{"start":{"line":99,"column":19},"end":{"line":99,"column":20}},"loc":{"start":{"line":99,"column":36},"end":{"line":112,"column":3}},"line":99},"11":{"name":"(anonymous_11)","decl":{"start":{"line":114,"column":21},"end":{"line":114,"column":22}},"loc":{"start":{"line":114,"column":38},"end":{"line":127,"column":3}},"line":114},"12":{"name":"(anonymous_12)","decl":{"start":{"line":135,"column":21},"end":{"line":135,"column":22}},"loc":{"start":{"line":136,"column":12},"end":{"line":145,"column":19}},"line":136}},"branchMap":{"0":{"loc":{"start":{"line":11,"column":37},"end":{"line":11,"column":75}},"type":"cond-expr","locations":[{"start":{"line":11,"column":56},"end":{"line":11,"column":70}},{"start":{"line":11,"column":73},"end":{"line":11,"column":75}}],"line":11},"1":{"loc":{"start":{"line":32,"column":4},"end":{"line":32,"column":23}},"type":"if","locations":[{"start":{"line":32,"column":4},"end":{"line":32,"column":23}},{"start":{},"end":{}}],"line":32},"2":{"loc":{"start":{"line":37,"column":4},"end":{"line":41,"column":5}},"type":"if","locations":[{"start":{"line":37,"column":4},"end":{"line":41,"column":5}},{"start":{"line":39,"column":11},"end":{"line":41,"column":5}}],"line":37},"3":{"loc":{"start":{"line":76,"column":4},"end":{"line":80,"column":5}},"type":"if","locations":[{"start":{"line":76,"column":4},"end":{"line":80,"column":5}},{"start":{"line":78,"column":11},"end":{"line":80,"column":5}}],"line":76},"4":{"loc":{"start":{"line":92,"column":4},"end":{"line":96,"column":5}},"type":"if","locations":[{"start":{"line":92,"column":4},"end":{"line":96,"column":5}},{"start":{"line":94,"column":11},"end":{"line":96,"column":5}}],"line":92},"5":{"loc":{"start":{"line":105,"column":4},"end":{"line":111,"column":5}},"type":"if","locations":[{"start":{"line":105,"column":4},"end":{"line":111,"column":5}},{"start":{"line":107,"column":11},"end":{"line":111,"column":5}}],"line":105},"6":{"loc":{"start":{"line":120,"column":4},"end":{"line":126,"column":5}},"type":"if","locations":[{"start":{"line":120,"column":4},"end":{"line":126,"column":5}},{"start":{"line":122,"column":11},"end":{"line":126,"column":5}}],"line":120}},"s":{"0":0,"1":0,"2":0,"3":2,"4":2,"5":2,"6":0,"7":0,"8":0,"9":0,"10":0,"11":0,"12":0,"13":0,"14":2,"15":0,"16":2,"17":2,"18":2,"19":2,"20":0,"21":0,"22":0,"23":2,"24":2,"25":2,"26":0,"27":0,"28":0,"29":0,"30":2,"31":0,"32":0,"33":0,"34":0,"35":0,"36":0,"37":2,"38":0,"39":0,"40":0,"41":0,"42":0,"43":0,"44":2,"45":0},"f":{"0":0,"1":0,"2":0,"3":2,"4":0,"5":0,"6":2,"7":2,"8":2,"9":0,"10":0,"11":0,"12":0},"b":{"0":[0,0],"1":[0,0],"2":[0,0],"3":[0,0],"4":[0,0],"5":[0,0],"6":[0,0]},"_coverageSchema":"1a1c01bbd47fc00a2c39e90264f33305004495a9","hash":"78d69a430a5685673b773aba20d81ded3d318864"}
,"/Users/dexter/Desktop/StudyPal/src/context/AuthProvider.jsx": {"path":"/Users/dexter/Desktop/StudyPal/src/context/AuthProvider.jsx","statementMap":{"0":{"start":{"line":4,"column":20},"end":{"line":4,"column":37}},"1":{"start":{"line":6,"column":23},"end":{"line":6,"column":52}},"2":{"start":{"line":6,"column":29},"end":{"line":6,"column":52}},"3":{"start":{"line":8,"column":14},"end":{"line":9,"column":55}},"4":{"start":{"line":9,"column":2},"end":{"line":9,"column":55}},"5":{"start":{"line":11,"column":16},"end":{"line":11,"column":45}},"6":{"start":{"line":11,"column":22},"end":{"line":11,"column":45}},"7":{"start":{"line":13,"column":22},"end":{"line":17,"column":4}},"8":{"start":{"line":14,"column":2},"end":{"line":17,"column":4}},"9":{"start":{"line":19,"column":23},"end":{"line":20,"column":57}},"10":{"start":{"line":20,"column":2},"end":{"line":20,"column":57}},"11":{"start":{"line":22,"column":21},"end":{"line":67,"column":1}},"12":{"start":{"line":23,"column":26},"end":{"line":23,"column":41}},"13":{"start":{"line":24,"column":26},"end":{"line":24,"column":40}},"14":{"start":{"line":25,"column":32},"end":{"line":25,"column":46}},"15":{"start":{"line":27,"column":2},"end":{"line":51,"column":9}},"16":{"start":{"line":28,"column":4},"end":{"line":28,"column":21}},"17":{"start":{"line":29,"column":20},"end":{"line":35,"column":5}},"18":{"start":{"line":30,"column":23},"end":{"line":30,"column":52}},"19":{"start":{"line":31,"column":36},"end":{"line":31,"column":40}},"20":{"start":{"line":32,"column":6},"end":{"line":32,"column":35}},"21":{"start":{"line":33,"column":6},"end":{"line":33,"column":42}},"22":{"start":{"line":34,"column":6},"end":{"line":34,"column":24}},"23":{"start":{"line":36,"column":4},"end":{"line":36,"column":14}},"24":{"start":{"line":37,"column":21},"end":{"line":47,"column":6}},"25":{"start":{"line":38,"column":6},"end":{"line":46,"column":7}},"26":{"start":{"line":39,"column":8},"end":{"line":39,"column":23}},"27":{"start":{"line":40,"column":13},"end":{"line":46,"column":7}},"28":{"start":{"line":41,"column":8},"end":{"line":41,"column":30}},"29":{"start":{"line":42,"column":8},"end":{"line":42,"column":22}},"30":{"start":{"line":43,"column":13},"end":{"line":46,"column":7}},"31":{"start":{"line":44,"column":8},"end":{"line":44,"column":23}},"32":{"start":{"line":45,"column":8},"end":{"line":45,"column":22}},"33":{"start":{"line":48,"column":4},"end":{"line":50,"column":6}},"34":{"start":{"line":49,"column":6},"end":{"line":49,"column":38}},"35":{"start":{"line":53,"column":2},"end":{"line":66,"column":4}}},"fnMap":{"0":{"name":"(anonymous_0)","decl":{"start":{"line":6,"column":23},"end":{"line":6,"column":24}},"loc":{"start":{"line":6,"column":29},"end":{"line":6,"column":52}},"line":6},"1":{"name":"(anonymous_1)","decl":{"start":{"line":8,"column":14},"end":{"line":8,"column":15}},"loc":{"start":{"line":9,"column":2},"end":{"line":9,"column":55}},"line":9},"2":{"name":"(anonymous_2)","decl":{"start":{"line":11,"column":16},"end":{"line":11,"column":17}},"loc":{"start":{"line":11,"column":22},"end":{"line":11,"column":45}},"line":11},"3":{"name":"(anonymous_3)","decl":{"start":{"line":13,"column":22},"end":{"line":13,"column":23}},"loc":{"start":{"line":14,"column":2},"end":{"line":17,"column":4}},"line":14},"4":{"name":"(anonymous_4)","decl":{"start":{"line":19,"column":23},"end":{"line":19,"column":24}},"loc":{"start":{"line":20,"column":2},"end":{"line":20,"column":57}},"line":20},"5":{"name":"(anonymous_5)","decl":{"start":{"line":22,"column":21},"end":{"line":22,"column":22}},"loc":{"start":{"line":22,"column":39},"end":{"line":67,"column":1}},"line":22},"6":{"name":"(anonymous_6)","decl":{"start":{"line":27,"column":12},"end":{"line":27,"column":13}},"loc":{"start":{"line":27,"column":18},"end":{"line":51,"column":3}},"line":27},"7":{"name":"(anonymous_7)","decl":{"start":{"line":29,"column":20},"end":{"line":29,"column":21}},"loc":{"start":{"line":29,"column":32},"end":{"line":35,"column":5}},"line":29},"8":{"name":"(anonymous_8)","decl":{"start":{"line":37,"column":53},"end":{"line":37,"column":54}},"loc":{"start":{"line":37,"column":79},"end":{"line":47,"column":5}},"line":37},"9":{"name":"(anonymous_9)","decl":{"start":{"line":48,"column":11},"end":{"line":48,"column":12}},"loc":{"start":{"line":48,"column":17},"end":{"line":50,"column":5}},"line":48}},"branchMap":{"0":{"loc":{"start":{"line":32,"column":14},"end":{"line":32,"column":33}},"type":"binary-expr","locations":[{"start":{"line":32,"column":14},"end":{"line":32,"column":25}},{"start":{"line":32,"column":29},"end":{"line":32,"column":33}}],"line":32},"1":{"loc":{"start":{"line":33,"column":14},"end":{"line":33,"column":40}},"type":"cond-expr","locations":[{"start":{"line":33,"column":28},"end":{"line":33,"column":32}},{"start":{"line":33,"column":35},"end":{"line":33,"column":40}}],"line":33},"2":{"loc":{"start":{"line":38,"column":6},"end":{"line":46,"column":7}},"type":"if","locations":[{"start":{"line":38,"column":6},"end":{"line":46,"column":7}},{"start":{"line":40,"column":13},"end":{"line":46,"column":7}}],"line":38},"3":{"loc":{"start":{"line":40,"column":13},"end":{"line":46,"column":7}},"type":"if","locations":[{"start":{"line":40,"column":13},"end":{"line":46,"column":7}},{"start":{"line":43,"column":13},"end":{"line":46,"column":7}}],"line":40},"4":{"loc":{"start":{"line":43,"column":13},"end":{"line":46,"column":7}},"type":"if","locations":[{"start":{"line":43,"column":13},"end":{"line":46,"column":7}},{"start":{},"end":{}}],"line":43},"5":{"loc":{"start":{"line":64,"column":7},"end":{"line":64,"column":27}},"type":"binary-expr","locations":[{"start":{"line":64,"column":7},"end":{"line":64,"column":15}},{"start":{"line":64,"column":19},"end":{"line":64,"column":27}}],"line":64}},"s":{"0":2,"1":2,"2":5,"3":2,"4":0,"5":2,"6":0,"7":2,"8":0,"9":2,"10":0,"11":2,"12":0,"13":0,"14":0,"15":0,"16":0,"17":0,"18":0,"19":0,"20":0,"21":0,"22":0,"23":0,"24":0,"25":0,"26":0,"27":0,"28":0,"29":0,"30":0,"31":0,"32":0,"33":0,"34":0,"35":0},"f":{"0":5,"1":0,"2":0,"3":0,"4":0,"5":0,"6":0,"7":0,"8":0,"9":0},"b":{"0":[0,0],"1":[0,0],"2":[0,0],"3":[0,0],"4":[0,0],"5":[0,0]},"_coverageSchema":"1a1c01bbd47fc00a2c39e90264f33305004495a9","hash":"e3d3eb05232021796ef0ffc8f4aa90d043c38aa8"}
,"/Users/dexter/Desktop/StudyPal/src/pages/Home.jsx": {"path":"/Users/dexter/Desktop/StudyPal/src/pages/Home.jsx","statementMap":{"0":{"start":{"line":7,"column":13},"end":{"line":22,"column":1}},"1":{"start":{"line":8,"column":19},"end":{"line":8,"column":28}},"2":{"start":{"line":9,"column":26},"end":{"line":9,"column":38}},"3":{"start":{"line":10,"column":28},"end":{"line":10,"column":40}},"4":{"start":{"line":12,"column":2},"end":{"line":21,"column":4}}},"fnMap":{"0":{"name":"(anonymous_0)","decl":{"start":{"line":7,"column":13},"end":{"line":7,"column":14}},"loc":{"start":{"line":7,"column":19},"end":{"line":22,"column":1}},"line":7}},"branchMap":{},"s":{"0":1,"1":1,"2":1,"3":1,"4":1},"f":{"0":1},"b":{},"_coverageSchema":"1a1c01bbd47fc00a2c39e90264f33305004495a9","hash":"3b22877d9b2022b73e69332128bc32108a15f30a"}
}
