TN:
SF:src/components/Tabs.jsx
FN:8,TabPanel
FN:34,a11yProps
FN:41,(anonymous_2)
FN:44,(anonymous_3)
FNF:4
FNH:3
FNDA:6,TabPanel
FNDA:6,a11yProps
FNDA:2,(anonymous_2)
FNDA:0,(anonymous_3)
DA:9,6
DA:11,6
DA:28,2
DA:35,6
DA:41,2
DA:42,2
DA:44,2
DA:45,0
DA:48,2
LF:9
LH:8
BRDA:19,0,0,6
BRDA:19,0,1,2
BRF:2
BRH:2
end_of_record
TN:
SF:src/components/ToDo.jsx
FN:8,Todo
FN:15,(anonymous_1)
FN:18,(anonymous_2)
FN:26,FormTodo
FN:30,(anonymous_4)
FN:55,(anonymous_5)
FN:66,TODO
FN:70,(anonymous_7)
FN:83,(anonymous_8)
FN:87,(anonymous_9)
FN:99,(anonymous_10)
FN:114,(anonymous_11)
FN:135,(anonymous_12)
FNF:13
FNH:4
FNDA:0,Todo
FNDA:0,(anonymous_1)
FNDA:0,(anonymous_2)
FNDA:2,FormTodo
FNDA:0,(anonymous_4)
FNDA:0,(anonymous_5)
FNDA:2,TODO
FNDA:2,(anonymous_7)
FNDA:2,(anonymous_8)
FNDA:0,(anonymous_9)
FNDA:0,(anonymous_10)
FNDA:0,(anonymous_11)
FNDA:0,(anonymous_12)
DA:9,0
DA:15,0
DA:18,0
DA:27,2
DA:28,2
DA:30,2
DA:31,0
DA:32,0
DA:33,0
DA:37,0
DA:38,0
DA:40,0
DA:42,0
DA:45,2
DA:55,0
DA:67,2
DA:68,2
DA:70,2
DA:71,2
DA:76,0
DA:77,0
DA:79,0
DA:83,2
DA:84,2
DA:87,2
DA:88,0
DA:92,0
DA:93,0
DA:95,0
DA:99,2
DA:100,0
DA:105,0
DA:106,0
DA:108,0
DA:109,0
DA:110,0
DA:114,2
DA:115,0
DA:120,0
DA:121,0
DA:123,0
DA:124,0
DA:125,0
DA:129,2
DA:136,0
LF:45
LH:14
BRDA:11,0,0,0
BRDA:11,0,1,0
BRDA:32,1,0,0
BRDA:32,1,1,0
BRDA:37,2,0,0
BRDA:37,2,1,0
BRDA:76,3,0,0
BRDA:76,3,1,0
BRDA:92,4,0,0
BRDA:92,4,1,0
BRDA:105,5,0,0
BRDA:105,5,1,0
BRDA:120,6,0,0
BRDA:120,6,1,0
BRF:14
BRH:0
end_of_record
TN:
SF:src/context/AuthProvider.jsx
FN:6,(anonymous_0)
FN:8,(anonymous_1)
FN:11,(anonymous_2)
FN:13,(anonymous_3)
FN:19,(anonymous_4)
FN:22,(anonymous_5)
FN:27,(anonymous_6)
FN:29,(anonymous_7)
FN:37,(anonymous_8)
FN:48,(anonymous_9)
FNF:10
FNH:1
FNDA:5,(anonymous_0)
FNDA:0,(anonymous_1)
FNDA:0,(anonymous_2)
FNDA:0,(anonymous_3)
FNDA:0,(anonymous_4)
FNDA:0,(anonymous_5)
FNDA:0,(anonymous_6)
FNDA:0,(anonymous_7)
FNDA:0,(anonymous_8)
FNDA:0,(anonymous_9)
DA:4,2
DA:6,5
DA:8,2
DA:9,0
DA:11,2
DA:13,2
DA:14,0
DA:19,2
DA:20,0
DA:22,2
DA:23,0
DA:24,0
DA:25,0
DA:27,0
DA:28,0
DA:29,0
DA:30,0
DA:31,0
DA:32,0
DA:33,0
DA:34,0
DA:36,0
DA:37,0
DA:38,0
DA:39,0
DA:40,0
DA:41,0
DA:42,0
DA:43,0
DA:44,0
DA:45,0
DA:48,0
DA:49,0
DA:53,0
LF:34
LH:7
BRDA:32,0,0,0
BRDA:32,0,1,0
BRDA:33,1,0,0
BRDA:33,1,1,0
BRDA:38,2,0,0
BRDA:38,2,1,0
BRDA:40,3,0,0
BRDA:40,3,1,0
BRDA:43,4,0,0
BRDA:43,4,1,0
BRDA:64,5,0,0
BRDA:64,5,1,0
BRF:12
BRH:0
end_of_record
TN:
SF:src/pages/Home.jsx
FN:7,(anonymous_0)
FNF:1
FNH:1
FNDA:1,(anonymous_0)
DA:7,1
DA:8,1
DA:9,1
DA:10,1
DA:12,1
LF:5
LH:5
BRF:0
BRH:0
end_of_record
